Build started 19.03.2013 17:22:36.
     1>Project "D:\Studium\eigeneCPPProjekte\Mitarbeiterverwaltung\Mitarbeiterverwaltung\Mitarbeiterverwaltung.vcxproj" on node 2 (build target(s)).
     1>InitializeBuildStatus:
         Creating "Debug\Mitarbeiterverwaltung.unsuccessfulbuild" because "AlwaysCreate" was specified.
       ClCompile:
         All outputs are up-to-date.
         C:\Program Files (x86)\Microsoft Visual Studio 9.0\VC\bin\CL.exe /c /AI"C:\Program Files (x86)\Reference Assemblies\Microsoft\Framework\v3.5\\" /AIC:\Windows\Microsoft.NET\Framework\v3.5\ /AI"C:\Program Files (x86)\Reference Assemblies\Microsoft\Framework\v3.0\\" /AIC:\Windows\Microsoft.NET\Framework\v3.0\ /AIC:\Windows\Microsoft.NET\Framework\v2.0.50727\ /Zi /clr /nologo /W3 /WX- /Od /Oy- /D WIN32 /D _DEBUG /D _UNICODE /D UNICODE /EHa /MDd /GS /fp:precise /Zc:wchar_t /Zc:forScope /Yu"StdAfx.h" /Fp"Debug\Mitarbeiterverwaltung.pch" /Fo"Debug\\" /Fd"Debug\vc90.pdb" /TP /FU"C:\Program Files (x86)\Reference Assemblies\Microsoft\Framework\v3.5\System.Core.dll" /FUC:\Windows\Microsoft.NET\Framework\v2.0.50727\System.Data.dll /FUC:\Windows\Microsoft.NET\Framework\v2.0.50727\System.dll /FUC:\Windows\Microsoft.NET\Framework\v2.0.50727\System.Xml.dll /analyze- /errorReport:prompt Mitarbeiterverwaltung.cpp /d1clr:nostdlib 
         Mitarbeiterverwaltung.cpp
       ResourceCompile:
         All outputs are up-to-date.
       Link:
         C:\Program Files (x86)\Microsoft Visual Studio 9.0\VC\bin\link.exe /ERRORREPORT:PROMPT /OUT:"D:\Studium\eigeneCPPProjekte\Mitarbeiterverwaltung\Mitarbeiterverwaltung\Debug\Mitarbeiterverwaltung.exe" /INCREMENTAL /NOLOGO /MANIFEST /ManifestFile:"Debug\Mitarbeiterverwaltung.exe.intermediate.manifest" /MANIFESTUAC:"level='asInvoker' uiAccess='false'" /DEBUG /PDB:"D:\Studium\eigeneCPPProjekte\Mitarbeiterverwaltung\Mitarbeiterverwaltung\Debug\Mitarbeiterverwaltung.pdb" /ASSEMBLYDEBUG /TLBID:1 /DYNAMICBASE /FIXED:NO /NXCOMPAT /MACHINE:X86 Debug\app.res
         Debug\AssemblyInfo.obj
         Debug\Mitarbeiterverwaltung.obj
         Debug\stdafx.obj
         Debug\Worker.obj
         Mitarbeiterverwaltung.vcxproj -> D:\Studium\eigeneCPPProjekte\Mitarbeiterverwaltung\Mitarbeiterverwaltung\Debug\Mitarbeiterverwaltung.exe
       Manifest:
         C:\Program Files\Microsoft SDKs\Windows\v6.0A\bin\mt.exe /nologo /verbose /outputresource:"D:\Studium\eigeneCPPProjekte\Mitarbeiterverwaltung\Mitarbeiterverwaltung\Debug\Mitarbeiterverwaltung.exe;#1" /manifest Debug\Mitarbeiterverwaltung.exe.intermediate.manifest
       FinalizeBuildStatus:
         Deleting file "Debug\Mitarbeiterverwaltung.unsuccessfulbuild".
         Touching "Debug\Mitarbeiterverwaltung.lastbuildstate".
     1>Done Building Project "D:\Studium\eigeneCPPProjekte\Mitarbeiterverwaltung\Mitarbeiterverwaltung\Mitarbeiterverwaltung.vcxproj" (build target(s)).

Build succeeded.

Time Elapsed 00:00:00.38
